d:\university\uwe yr3\at\hw3d\hw3d\debug\winmain.obj
d:\university\uwe yr3\at\hw3d\hw3d\debug\window.obj
d:\university\uwe yr3\at\hw3d\hw3d\debug\keyboardinput.obj
d:\university\uwe yr3\at\hw3d\hw3d\debug\vc142.pdb
d:\university\uwe yr3\at\hw3d\hw3d\debug\graphics.obj
d:\university\uwe yr3\at\hw3d\hw3d\debug\exception.obj
d:\university\uwe yr3\at\hw3d\hw3d\debug\exceptioncheck.obj
d:\university\uwe yr3\at\hw3d\hw3d\debug\app.obj
d:\university\uwe yr3\at\hw3d\hw3d\debug\timer.obj
d:\university\uwe yr3\at\hw3d\hw3d\debug\mouse.obj
d:\university\uwe yr3\at\hw3d\hw3d\pixelshader.cso
d:\university\uwe yr3\at\hw3d\hw3d\vertexshader.cso
d:\university\uwe yr3\at\hw3d\debug\hw3d.exe
d:\university\uwe yr3\at\hw3d\debug\hw3d.ilk
d:\university\uwe yr3\at\hw3d\debug\hw3d.pdb
d:\university\uwe yr3\at\hw3d\hw3d\debug\vc142.idb
d:\university\uwe yr3\at\hw3d\hw3d\debug\hw3d.tlog\cl.command.1.tlog
d:\university\uwe yr3\at\hw3d\hw3d\debug\hw3d.tlog\cl.read.1.tlog
d:\university\uwe yr3\at\hw3d\hw3d\debug\hw3d.tlog\cl.write.1.tlog
d:\university\uwe yr3\at\hw3d\hw3d\debug\hw3d.tlog\fxc.command.1.tlog
d:\university\uwe yr3\at\hw3d\hw3d\debug\hw3d.tlog\fxc.read.1.tlog
d:\university\uwe yr3\at\hw3d\hw3d\debug\hw3d.tlog\fxc.write.1.tlog
d:\university\uwe yr3\at\hw3d\hw3d\debug\hw3d.tlog\link.command.1.tlog
d:\university\uwe yr3\at\hw3d\hw3d\debug\hw3d.tlog\link.read.1.tlog
d:\university\uwe yr3\at\hw3d\hw3d\debug\hw3d.tlog\link.write.1.tlog
